50372325646:ENCOLADO ans_64ca8b39-de64-4a92-98af-d6bd6588d9c2
EJECUTANDO:ans_64ca8b39-de64-4a92-98af-d6bd6588d9c2
50372325646:SUCCESS
50372325646:ENCOLADO ans_e79bbb34-ab7b-42e6-b10c-fed5420b0ee7
EJECUTANDO:ans_e79bbb34-ab7b-42e6-b10c-fed5420b0ee7
50372325646:SUCCESS
50372325646:ENCOLADO ans_d2c1238f-a977-4de6-8207-47f0292c6ca0
EJECUTANDO:ans_d2c1238f-a977-4de6-8207-47f0292c6ca0
50372325646:SUCCESS
50372325646:ENCOLADO ans_64ca8b39-de64-4a92-98af-d6bd6588d9c2
EJECUTANDO:ans_64ca8b39-de64-4a92-98af-d6bd6588d9c2
50372325646:SUCCESS
50372325646:ENCOLADO ans_e79bbb34-ab7b-42e6-b10c-fed5420b0ee7
EJECUTANDO:ans_e79bbb34-ab7b-42e6-b10c-fed5420b0ee7
50372325646:SUCCESS
50372325646:ENCOLADO ans_d2c1238f-a977-4de6-8207-47f0292c6ca0
EJECUTANDO:ans_d2c1238f-a977-4de6-8207-47f0292c6ca0
50372325646:SUCCESS
50372325646:ENCOLADO ans_d2c1238f-a977-4de6-8207-47f0292c6ca0
EJECUTANDO:ans_d2c1238f-a977-4de6-8207-47f0292c6ca0
50372325646:SUCCESS
50372325646:ENCOLADO ans_d2c1238f-a977-4de6-8207-47f0292c6ca0
EJECUTANDO:ans_d2c1238f-a977-4de6-8207-47f0292c6ca0
50372325646:SUCCESS
50372325646:ENCOLADO ans_d2c1238f-a977-4de6-8207-47f0292c6ca0
EJECUTANDO:ans_d2c1238f-a977-4de6-8207-47f0292c6ca0
50372325646:SUCCESS
50372325646:ENCOLADO ans_2842ae27-cfaf-4977-a3c0-b7c7c8499a01
EJECUTANDO:ans_2842ae27-cfaf-4977-a3c0-b7c7c8499a01
50372325646:SUCCESS
